[2021-05-02 21:42:48.765] [sharedprocess] [info] Starting to clean up unused language packs.
[2021-05-02 21:43:19.736] [sharedprocess] [info] Installing extension: ms-vscode.vscode-typescript-tslint-plugin
[2021-05-02 21:43:20.259] [sharedprocess] [info] Downloaded extension: ms-vscode.vscode-typescript-tslint-plugin undefined
[2021-05-02 21:43:20.408] [sharedprocess] [info] Extracted extension to /home/ippsav/.vscode/extensions/.3ee9fee3-9111-46f4-8163-441a21529819: ms-vscode.vscode-typescript-tslint-plugin
[2021-05-02 21:43:20.460] [sharedprocess] [info] Renamed to /home/ippsav/.vscode/extensions/ms-vscode.vscode-typescript-tslint-plugin-1.3.3
[2021-05-02 21:43:20.462] [sharedprocess] [info] Installation completed. ms-vscode.vscode-typescript-tslint-plugin
[2021-05-02 21:43:20.514] [sharedprocess] [info] Extensions installed successfully: ms-vscode.vscode-typescript-tslint-plugin
[2021-05-02 21:43:25.095] [sharedprocess] [info] Installing extension: esbenp.prettier-vscode
[2021-05-02 21:43:25.872] [sharedprocess] [info] Downloaded extension: esbenp.prettier-vscode undefined
[2021-05-02 21:43:26.080] [sharedprocess] [info] Extracted extension to /home/ippsav/.vscode/extensions/.3bb2ec22-d108-4e3c-a136-90aa530ca803: esbenp.prettier-vscode
[2021-05-02 21:43:26.122] [sharedprocess] [info] Renamed to /home/ippsav/.vscode/extensions/esbenp.prettier-vscode-6.3.2
[2021-05-02 21:43:26.123] [sharedprocess] [info] Installation completed. esbenp.prettier-vscode
[2021-05-02 21:43:26.164] [sharedprocess] [info] Extensions installed successfully: esbenp.prettier-vscode
[2021-05-02 21:43:29.511] [sharedprocess] [info] Installing extension: bradlc.vscode-tailwindcss
[2021-05-02 21:43:30.059] [sharedprocess] [info] Downloaded extension: bradlc.vscode-tailwindcss undefined
[2021-05-02 21:43:30.107] [sharedprocess] [info] Extracted extension to /home/ippsav/.vscode/extensions/.f878fdf4-9412-42ce-8025-f0340f7dfb39: bradlc.vscode-tailwindcss
[2021-05-02 21:43:30.143] [sharedprocess] [info] Renamed to /home/ippsav/.vscode/extensions/bradlc.vscode-tailwindcss-0.5.10
[2021-05-02 21:43:30.147] [sharedprocess] [info] Installation completed. bradlc.vscode-tailwindcss
[2021-05-02 21:43:30.192] [sharedprocess] [info] Extensions installed successfully: bradlc.vscode-tailwindcss
[2021-05-02 21:43:33.403] [sharedprocess] [info] Installing extension: prisma.prisma
[2021-05-02 21:43:34.264] [sharedprocess] [info] Downloaded extension: prisma.prisma undefined
[2021-05-02 21:43:36.941] [sharedprocess] [info] Extracted extension to /home/ippsav/.vscode/extensions/.c805b5ed-fc1a-4234-bae4-3e3753640733: prisma.prisma
[2021-05-02 21:43:37.058] [sharedprocess] [info] Renamed to /home/ippsav/.vscode/extensions/prisma.prisma-2.21.2
[2021-05-02 21:43:37.062] [sharedprocess] [info] Installation completed. prisma.prisma
[2021-05-02 21:43:37.105] [sharedprocess] [info] Extensions installed successfully: prisma.prisma
[2021-05-02 21:43:37.369] [sharedprocess] [info] Installing extension: graphql.vscode-graphql
[2021-05-02 21:43:38.633] [sharedprocess] [info] Downloaded extension: graphql.vscode-graphql undefined
[2021-05-02 21:43:42.369] [sharedprocess] [info] Extracted extension to /home/ippsav/.vscode/extensions/.0b290a54-9d28-4170-88a3-195e34e1d6a1: graphql.vscode-graphql
[2021-05-02 21:43:42.452] [sharedprocess] [info] Renamed to /home/ippsav/.vscode/extensions/graphql.vscode-graphql-0.3.15
[2021-05-02 21:43:42.456] [sharedprocess] [info] Installation completed. graphql.vscode-graphql
[2021-05-02 21:43:42.493] [sharedprocess] [info] Extensions installed successfully: graphql.vscode-graphql
[2021-05-02 21:44:07.847] [sharedprocess] [info] Installing extension: enkia.tokyo-night
[2021-05-02 21:44:08.253] [sharedprocess] [info] Downloaded extension: enkia.tokyo-night undefined
[2021-05-02 21:44:08.298] [sharedprocess] [info] Extracted extension to /home/ippsav/.vscode/extensions/.edd0aa45-4287-4fea-bd43-19d37e9698f8: enkia.tokyo-night
[2021-05-02 21:44:08.344] [sharedprocess] [info] Renamed to /home/ippsav/.vscode/extensions/enkia.tokyo-night-0.7.9
[2021-05-02 21:44:08.348] [sharedprocess] [info] Installation completed. enkia.tokyo-night
[2021-05-02 21:44:08.394] [sharedprocess] [info] Extensions installed successfully: enkia.tokyo-night
[2021-05-02 21:44:35.989] [sharedprocess] [info] Installing extension: vscodevim.vim
[2021-05-02 21:44:36.386] [sharedprocess] [info] Downloaded extension: vscodevim.vim undefined
[2021-05-02 21:44:36.456] [sharedprocess] [info] Extracted extension to /home/ippsav/.vscode/extensions/.ace96d8c-a496-4731-bcda-9ef1c548fef6: vscodevim.vim
[2021-05-02 21:44:36.502] [sharedprocess] [info] Renamed to /home/ippsav/.vscode/extensions/vscodevim.vim-1.20.2
[2021-05-02 21:44:36.504] [sharedprocess] [info] Installation completed. vscodevim.vim
[2021-05-02 21:44:36.544] [sharedprocess] [info] Extensions installed successfully: vscodevim.vim
